2013-08-27T14:04:59-04:00 ERR (3): ERROR ENCOUNTERED Exception:
1: SQLSTATE[HY000] [2003] Can't connect to MySQL server on 'hood.jimsmiley.us' (13)
Trace:
#0 /home/wh2/vendor/doctrine/dbal/lib/Doctrine/DBAL/Driver/PDOConnection.php(36): PDO->__construct('mysql:host=hood...', 'whathood_prod', 'YnmrGefe9qVJu6j...', Array)
#1 /home/wh2/vendor/doctrine/dbal/lib/Doctrine/DBAL/Driver/PDOMySql/Driver.php(47): Doctrine\DBAL\Driver\PDOConnection->__construct('mysql:host=hood...', 'whathood_prod', 'YnmrGefe9qVJu6j...', Array)
#2 /home/wh2/vendor/doctrine/dbal/lib/Doctrine/DBAL/Connection.php(350): Doctrine\DBAL\Driver\PDOMySql\Driver->connect(Array, 'whathood_prod', 'YnmrGefe9qVJu6j...', Array)
#3 /home/wh2/vendor/doctrine/dbal/lib/Doctrine/DBAL/Connection.php(627): Doctrine\DBAL\Connection->connect()
#4 /home/wh2/vendor/doctrine/orm/lib/Doctrine/ORM/Query/Exec/SingleSelectExecutor.php(46): Doctrine\DBAL\Connection->executeQuery('SELECT r0_.name...', Array, Array, NULL)
#5 /home/wh2/vendor/doctrine/orm/lib/Doctrine/ORM/Query.php(264): Doctrine\ORM\Query\Exec\SingleSelectExecutor->execute(Object(Doctrine\DBAL\Connection), Array, Array)
#6 /home/wh2/vendor/doctrine/orm/lib/Doctrine/ORM/AbstractQuery.php(737): Doctrine\ORM\Query->_doExecute()
#7 /home/wh2/vendor/doctrine/orm/lib/Doctrine/ORM/AbstractQuery.php(538): Doctrine\ORM\AbstractQuery->execute(NULL, 1)
#8 /home/wh2/module/Application/src/Application/Mapper/RegionMapper.php(49): Doctrine\ORM\AbstractQuery->getResult()
#9 /home/wh2/module/Application/src/Application/Controller/IndexController.php(13): Application\Mapper\RegionMapper->fetchDistinctRegionNames()
#10 /home/wh2/vendor/zendframework/zendframework/library/Zend/Mvc/Controller/AbstractActionController.php(83): Application\Controller\IndexController->indexAction()
#11 [internal function]: Zend\Mvc\Controller\AbstractActionController->onDispatch(Object(Zend\Mvc\MvcEvent))
#12 /home/wh2/vendor/zendframework/zendframework/library/Zend/EventManager/EventManager.php(468): call_user_func(Array, Object(Zend\Mvc\MvcEvent))
#13 /home/wh2/vendor/zendframework/zendframework/library/Zend/EventManager/EventManager.php(207): Zend\EventManager\EventManager->triggerListeners('dispatch', Object(Zend\Mvc\MvcEvent), Object(Closure))
#14 /home/wh2/vendor/zendframework/zendframework/library/Zend/Mvc/Controller/AbstractController.php(117): Zend\EventManager\EventManager->trigger('dispatch', Object(Zend\Mvc\MvcEvent), Object(Closure))
#15 /home/wh2/vendor/zendframework/zendframework/library/Zend/Mvc/DispatchListener.php(114): Zend\Mvc\Controller\AbstractController->dispatch(Object(Zend\Http\PhpEnvironment\Request), Object(Zend\Http\PhpEnvironment\Response))
#16 [internal function]: Zend\Mvc\DispatchListener->onDispatch(Object(Zend\Mvc\MvcEvent))
#17 /home/wh2/vendor/zendframework/zendframework/library/Zend/EventManager/EventManager.php(468): call_user_func(Array, Object(Zend\Mvc\MvcEvent))
#18 /home/wh2/vendor/zendframework/zendframework/library/Zend/EventManager/EventManager.php(207): Zend\EventManager\EventManager->triggerListeners('dispatch', Object(Zend\Mvc\MvcEvent), Object(Closure))
#19 /home/wh2/vendor/zendframework/zendframework/library/Zend/Mvc/Application.php(309): Zend\EventManager\EventManager->trigger('dispatch', Object(Zend\Mvc\MvcEvent), Object(Closure))
#20 /home/wh2/public/index.php(12): Zend\Mvc\Application->run()
#21 {main}
2013-08-27T14:05:06-04:00 ERR (3): ERROR ENCOUNTERED Exception:
1: SQLSTATE[HY000] [2003] Can't connect to MySQL server on 'hood.jimsmiley.us' (13)
Trace:
#0 /home/wh2/vendor/doctrine/dbal/lib/Doctrine/DBAL/Driver/PDOConnection.php(36): PDO->__construct('mysql:host=hood...', 'whathood_prod', 'YnmrGefe9qVJu6j...', Array)
#1 /home/wh2/vendor/doctrine/dbal/lib/Doctrine/DBAL/Driver/PDOMySql/Driver.php(47): Doctrine\DBAL\Driver\PDOConnection->__construct('mysql:host=hood...', 'whathood_prod', 'YnmrGefe9qVJu6j...', Array)
#2 /home/wh2/vendor/doctrine/dbal/lib/Doctrine/DBAL/Connection.php(350): Doctrine\DBAL\Driver\PDOMySql\Driver->connect(Array, 'whathood_prod', 'YnmrGefe9qVJu6j...', Array)
#3 /home/wh2/vendor/doctrine/dbal/lib/Doctrine/DBAL/Connection.php(627): Doctrine\DBAL\Connection->connect()
#4 /home/wh2/vendor/doctrine/orm/lib/Doctrine/ORM/Query/Exec/SingleSelectExecutor.php(46): Doctrine\DBAL\Connection->executeQuery('SELECT r0_.name...', Array, Array, NULL)
#5 /home/wh2/vendor/doctrine/orm/lib/Doctrine/ORM/Query.php(264): Doctrine\ORM\Query\Exec\SingleSelectExecutor->execute(Object(Doctrine\DBAL\Connection), Array, Array)
#6 /home/wh2/vendor/doctrine/orm/lib/Doctrine/ORM/AbstractQuery.php(737): Doctrine\ORM\Query->_doExecute()
#7 /home/wh2/vendor/doctrine/orm/lib/Doctrine/ORM/AbstractQuery.php(538): Doctrine\ORM\AbstractQuery->execute(NULL, 1)
#8 /home/wh2/module/Application/src/Application/Mapper/RegionMapper.php(49): Doctrine\ORM\AbstractQuery->getResult()
#9 /home/wh2/module/Application/src/Application/Controller/IndexController.php(13): Application\Mapper\RegionMapper->fetchDistinctRegionNames()
#10 /home/wh2/vendor/zendframework/zendframework/library/Zend/Mvc/Controller/AbstractActionController.php(83): Application\Controller\IndexController->indexAction()
#11 [internal function]: Zend\Mvc\Controller\AbstractActionController->onDispatch(Object(Zend\Mvc\MvcEvent))
#12 /home/wh2/vendor/zendframework/zendframework/library/Zend/EventManager/EventManager.php(468): call_user_func(Array, Object(Zend\Mvc\MvcEvent))
#13 /home/wh2/vendor/zendframework/zendframework/library/Zend/EventManager/EventManager.php(207): Zend\EventManager\EventManager->triggerListeners('dispatch', Object(Zend\Mvc\MvcEvent), Object(Closure))
#14 /home/wh2/vendor/zendframework/zendframework/library/Zend/Mvc/Controller/AbstractController.php(117): Zend\EventManager\EventManager->trigger('dispatch', Object(Zend\Mvc\MvcEvent), Object(Closure))
#15 /home/wh2/vendor/zendframework/zendframework/library/Zend/Mvc/DispatchListener.php(114): Zend\Mvc\Controller\AbstractController->dispatch(Object(Zend\Http\PhpEnvironment\Request), Object(Zend\Http\PhpEnvironment\Response))
#16 [internal function]: Zend\Mvc\DispatchListener->onDispatch(Object(Zend\Mvc\MvcEvent))
#17 /home/wh2/vendor/zendframework/zendframework/library/Zend/EventManager/EventManager.php(468): call_user_func(Array, Object(Zend\Mvc\MvcEvent))
#18 /home/wh2/vendor/zendframework/zendframework/library/Zend/EventManager/EventManager.php(207): Zend\EventManager\EventManager->triggerListeners('dispatch', Object(Zend\Mvc\MvcEvent), Object(Closure))
#19 /home/wh2/vendor/zendframework/zendframework/library/Zend/Mvc/Application.php(309): Zend\EventManager\EventManager->trigger('dispatch', Object(Zend\Mvc\MvcEvent), Object(Closure))
#20 /home/wh2/public/index.php(12): Zend\Mvc\Application->run()
#21 {main}
2013-08-27T14:06:51-04:00 ERR (3): ERROR ENCOUNTERED Exception:
1: SQLSTATE[HY000] [2003] Can't connect to MySQL server on 'hood.jimsmiley.us' (13)
Trace:
#0 /home/wh2/vendor/doctrine/dbal/lib/Doctrine/DBAL/Driver/PDOConnection.php(36): PDO->__construct('mysql:host=hood...', 'whathood_prod', 'YnmrGefe9qVJu6j...', Array)
#1 /home/wh2/vendor/doctrine/dbal/lib/Doctrine/DBAL/Driver/PDOMySql/Driver.php(47): Doctrine\DBAL\Driver\PDOConnection->__construct('mysql:host=hood...', 'whathood_prod', 'YnmrGefe9qVJu6j...', Array)
#2 /home/wh2/vendor/doctrine/dbal/lib/Doctrine/DBAL/Connection.php(350): Doctrine\DBAL\Driver\PDOMySql\Driver->connect(Array, 'whathood_prod', 'YnmrGefe9qVJu6j...', Array)
#3 /home/wh2/vendor/doctrine/dbal/lib/Doctrine/DBAL/Connection.php(627): Doctrine\DBAL\Connection->connect()
#4 /home/wh2/vendor/doctrine/orm/lib/Doctrine/ORM/Query/Exec/SingleSelectExecutor.php(46): Doctrine\DBAL\Connection->executeQuery('SELECT r0_.name...', Array, Array, NULL)
#5 /home/wh2/vendor/doctrine/orm/lib/Doctrine/ORM/Query.php(264): Doctrine\ORM\Query\Exec\SingleSelectExecutor->execute(Object(Doctrine\DBAL\Connection), Array, Array)
#6 /home/wh2/vendor/doctrine/orm/lib/Doctrine/ORM/AbstractQuery.php(737): Doctrine\ORM\Query->_doExecute()
#7 /home/wh2/vendor/doctrine/orm/lib/Doctrine/ORM/AbstractQuery.php(538): Doctrine\ORM\AbstractQuery->execute(NULL, 1)
#8 /home/wh2/module/Application/src/Application/Mapper/RegionMapper.php(49): Doctrine\ORM\AbstractQuery->getResult()
#9 /home/wh2/module/Application/src/Application/Controller/IndexController.php(13): Application\Mapper\RegionMapper->fetchDistinctRegionNames()
#10 /home/wh2/vendor/zendframework/zendframework/library/Zend/Mvc/Controller/AbstractActionController.php(83): Application\Controller\IndexController->indexAction()
#11 [internal function]: Zend\Mvc\Controller\AbstractActionController->onDispatch(Object(Zend\Mvc\MvcEvent))
#12 /home/wh2/vendor/zendframework/zendframework/library/Zend/EventManager/EventManager.php(468): call_user_func(Array, Object(Zend\Mvc\MvcEvent))
#13 /home/wh2/vendor/zendframework/zendframework/library/Zend/EventManager/EventManager.php(207): Zend\EventManager\EventManager->triggerListeners('dispatch', Object(Zend\Mvc\MvcEvent), Object(Closure))
#14 /home/wh2/vendor/zendframework/zendframework/library/Zend/Mvc/Controller/AbstractController.php(117): Zend\EventManager\EventManager->trigger('dispatch', Object(Zend\Mvc\MvcEvent), Object(Closure))
#15 /home/wh2/vendor/zendframework/zendframework/library/Zend/Mvc/DispatchListener.php(114): Zend\Mvc\Controller\AbstractController->dispatch(Object(Zend\Http\PhpEnvironment\Request), Object(Zend\Http\PhpEnvironment\Response))
#16 [internal function]: Zend\Mvc\DispatchListener->onDispatch(Object(Zend\Mvc\MvcEvent))
#17 /home/wh2/vendor/zendframework/zendframework/library/Zend/EventManager/EventManager.php(468): call_user_func(Array, Object(Zend\Mvc\MvcEvent))
#18 /home/wh2/vendor/zendframework/zendframework/library/Zend/EventManager/EventManager.php(207): Zend\EventManager\EventManager->triggerListeners('dispatch', Object(Zend\Mvc\MvcEvent), Object(Closure))
#19 /home/wh2/vendor/zendframework/zendframework/library/Zend/Mvc/Application.php(309): Zend\EventManager\EventManager->trigger('dispatch', Object(Zend\Mvc\MvcEvent), Object(Closure))
#20 /home/wh2/public/index.php(12): Zend\Mvc\Application->run()
#21 {main}
2013-08-27T14:09:24-04:00 ERR (3): ERROR ENCOUNTERED Exception:
1: SQLSTATE[HY000] [2003] Can't connect to MySQL server on 'hood.jimsmiley.us' (13)
Trace:
#0 /home/wh2/vendor/doctrine/dbal/lib/Doctrine/DBAL/Driver/PDOConnection.php(36): PDO->__construct('mysql:host=hood...', 'whathood_prod', 'YnmrGefe9qVJu6j...', Array)
#1 /home/wh2/vendor/doctrine/dbal/lib/Doctrine/DBAL/Driver/PDOMySql/Driver.php(47): Doctrine\DBAL\Driver\PDOConnection->__construct('mysql:host=hood...', 'whathood_prod', 'YnmrGefe9qVJu6j...', Array)
#2 /home/wh2/vendor/doctrine/dbal/lib/Doctrine/DBAL/Connection.php(350): Doctrine\DBAL\Driver\PDOMySql\Driver->connect(Array, 'whathood_prod', 'YnmrGefe9qVJu6j...', Array)
#3 /home/wh2/vendor/doctrine/dbal/lib/Doctrine/DBAL/Connection.php(627): Doctrine\DBAL\Connection->connect()
#4 /home/wh2/vendor/doctrine/orm/lib/Doctrine/ORM/Query/Exec/SingleSelectExecutor.php(46): Doctrine\DBAL\Connection->executeQuery('SELECT r0_.name...', Array, Array, NULL)
#5 /home/wh2/vendor/doctrine/orm/lib/Doctrine/ORM/Query.php(264): Doctrine\ORM\Query\Exec\SingleSelectExecutor->execute(Object(Doctrine\DBAL\Connection), Array, Array)
#6 /home/wh2/vendor/doctrine/orm/lib/Doctrine/ORM/AbstractQuery.php(737): Doctrine\ORM\Query->_doExecute()
#7 /home/wh2/vendor/doctrine/orm/lib/Doctrine/ORM/AbstractQuery.php(538): Doctrine\ORM\AbstractQuery->execute(NULL, 1)
#8 /home/wh2/module/Application/src/Application/Mapper/RegionMapper.php(49): Doctrine\ORM\AbstractQuery->getResult()
#9 /home/wh2/module/Application/src/Application/Controller/IndexController.php(13): Application\Mapper\RegionMapper->fetchDistinctRegionNames()
#10 /home/wh2/vendor/zendframework/zendframework/library/Zend/Mvc/Controller/AbstractActionController.php(83): Application\Controller\IndexController->indexAction()
#11 [internal function]: Zend\Mvc\Controller\AbstractActionController->onDispatch(Object(Zend\Mvc\MvcEvent))
#12 /home/wh2/vendor/zendframework/zendframework/library/Zend/EventManager/EventManager.php(468): call_user_func(Array, Object(Zend\Mvc\MvcEvent))
#13 /home/wh2/vendor/zendframework/zendframework/library/Zend/EventManager/EventManager.php(207): Zend\EventManager\EventManager->triggerListeners('dispatch', Object(Zend\Mvc\MvcEvent), Object(Closure))
#14 /home/wh2/vendor/zendframework/zendframework/library/Zend/Mvc/Controller/AbstractController.php(117): Zend\EventManager\EventManager->trigger('dispatch', Object(Zend\Mvc\MvcEvent), Object(Closure))
#15 /home/wh2/vendor/zendframework/zendframework/library/Zend/Mvc/DispatchListener.php(114): Zend\Mvc\Controller\AbstractController->dispatch(Object(Zend\Http\PhpEnvironment\Request), Object(Zend\Http\PhpEnvironment\Response))
#16 [internal function]: Zend\Mvc\DispatchListener->onDispatch(Object(Zend\Mvc\MvcEvent))
#17 /home/wh2/vendor/zendframework/zendframework/library/Zend/EventManager/EventManager.php(468): call_user_func(Array, Object(Zend\Mvc\MvcEvent))
#18 /home/wh2/vendor/zendframework/zendframework/library/Zend/EventManager/EventManager.php(207): Zend\EventManager\EventManager->triggerListeners('dispatch', Object(Zend\Mvc\MvcEvent), Object(Closure))
#19 /home/wh2/vendor/zendframework/zendframework/library/Zend/Mvc/Application.php(309): Zend\EventManager\EventManager->trigger('dispatch', Object(Zend\Mvc\MvcEvent), Object(Closure))
#20 /home/wh2/public/index.php(12): Zend\Mvc\Application->run()
#21 {main}
2013-08-27T15:28:26-04:00 INFO (6): address requested 5th+and+market
2013-08-27T15:28:26-04:00 ERR (3): ERROR ENCOUNTERED Exception:
1: Permission denied
Trace:
#0 /home/wh2/vendor/zendframework/zendframework/library/Zend/Mail/Protocol/Smtp.php(156): Zend\Mail\Protocol\AbstractProtocol->_connect('tcp://mail.what...')
#1 /home/wh2/vendor/zendframework/zendframework/library/Zend/Mail/Transport/Smtp.php(339): Zend\Mail\Protocol\Smtp->connect()
#2 /home/wh2/vendor/zendframework/zendframework/library/Zend/Mail/Transport/Smtp.php(325): Zend\Mail\Transport\Smtp->connect()
#3 /home/wh2/vendor/zendframework/zendframework/library/Zend/Mail/Transport/Smtp.php(336): Zend\Mail\Transport\Smtp->lazyLoadConnection()
#4 /home/wh2/vendor/zendframework/zendframework/library/Zend/Mail/Transport/Smtp.php(205): Zend\Mail\Transport\Smtp->connect()
#5 /home/wh2/module/Application/src/Application/Model/Email.php(36): Zend\Mail\Transport\Smtp->send(Object(Zend\Mail\Message))
#6 /home/wh2/module/Application/src/Application/MyLogger.php(22): Application\Model\Email->send('address request...', '5th+and+market')
#7 /home/wh2/module/Application/src/Application/Controller/WhathoodController.php(66): Application\MyLogger->info('address request...', '5th+and+market')
#8 /home/wh2/vendor/zendframework/zendframework/library/Zend/Mvc/Controller/AbstractActionController.php(83): Application\Controller\WhathoodController->byAddressAction()
#9 [internal function]: Zend\Mvc\Controller\AbstractActionController->onDispatch(Object(Zend\Mvc\MvcEvent))
#10 /home/wh2/vendor/zendframework/zendframework/library/Zend/EventManager/EventManager.php(468): call_user_func(Array, Object(Zend\Mvc\MvcEvent))
#11 /home/wh2/vendor/zendframework/zendframework/library/Zend/EventManager/EventManager.php(207): Zend\EventManager\EventManager->triggerListeners('dispatch', Object(Zend\Mvc\MvcEvent), Object(Closure))
#12 /home/wh2/vendor/zendframework/zendframework/library/Zend/Mvc/Controller/AbstractController.php(117): Zend\EventManager\EventManager->trigger('dispatch', Object(Zend\Mvc\MvcEvent), Object(Closure))
#13 /home/wh2/vendor/zendframework/zendframework/library/Zend/Mvc/DispatchListener.php(114): Zend\Mvc\Controller\AbstractController->dispatch(Object(Zend\Http\PhpEnvironment\Request), Object(Zend\Http\PhpEnvironment\Response))
#14 [internal function]: Zend\Mvc\DispatchListener->onDispatch(Object(Zend\Mvc\MvcEvent))
#15 /home/wh2/vendor/zendframework/zendframework/library/Zend/EventManager/EventManager.php(468): call_user_func(Array, Object(Zend\Mvc\MvcEvent))
#16 /home/wh2/vendor/zendframework/zendframework/library/Zend/EventManager/EventManager.php(207): Zend\EventManager\EventManager->triggerListeners('dispatch', Object(Zend\Mvc\MvcEvent), Object(Closure))
#17 /home/wh2/vendor/zendframework/zendframework/library/Zend/Mvc/Application.php(309): Zend\EventManager\EventManager->trigger('dispatch', Object(Zend\Mvc\MvcEvent), Object(Closure))
#18 /home/wh2/public/index.php(12): Zend\Mvc\Application->run()
#19 {main}
2013-08-27T15:28:34-04:00 INFO (6): address requested 5th+and+market
2013-08-27T15:28:34-04:00 ERR (3): ERROR ENCOUNTERED Exception:
1: Permission denied
Trace:
#0 /home/wh2/vendor/zendframework/zendframework/library/Zend/Mail/Protocol/Smtp.php(156): Zend\Mail\Protocol\AbstractProtocol->_connect('tcp://mail.what...')
#1 /home/wh2/vendor/zendframework/zendframework/library/Zend/Mail/Transport/Smtp.php(339): Zend\Mail\Protocol\Smtp->connect()
#2 /home/wh2/vendor/zendframework/zendframework/library/Zend/Mail/Transport/Smtp.php(325): Zend\Mail\Transport\Smtp->connect()
#3 /home/wh2/vendor/zendframework/zendframework/library/Zend/Mail/Transport/Smtp.php(336): Zend\Mail\Transport\Smtp->lazyLoadConnection()
#4 /home/wh2/vendor/zendframework/zendframework/library/Zend/Mail/Transport/Smtp.php(205): Zend\Mail\Transport\Smtp->connect()
#5 /home/wh2/module/Application/src/Application/Model/Email.php(36): Zend\Mail\Transport\Smtp->send(Object(Zend\Mail\Message))
#6 /home/wh2/module/Application/src/Application/MyLogger.php(22): Application\Model\Email->send('address request...', '5th+and+market')
#7 /home/wh2/module/Application/src/Application/Controller/WhathoodController.php(66): Application\MyLogger->info('address request...', '5th+and+market')
#8 /home/wh2/vendor/zendframework/zendframework/library/Zend/Mvc/Controller/AbstractActionController.php(83): Application\Controller\WhathoodController->byAddressAction()
#9 [internal function]: Zend\Mvc\Controller\AbstractActionController->onDispatch(Object(Zend\Mvc\MvcEvent))
#10 /home/wh2/vendor/zendframework/zendframework/library/Zend/EventManager/EventManager.php(468): call_user_func(Array, Object(Zend\Mvc\MvcEvent))
#11 /home/wh2/vendor/zendframework/zendframework/library/Zend/EventManager/EventManager.php(207): Zend\EventManager\EventManager->triggerListeners('dispatch', Object(Zend\Mvc\MvcEvent), Object(Closure))
#12 /home/wh2/vendor/zendframework/zendframework/library/Zend/Mvc/Controller/AbstractController.php(117): Zend\EventManager\EventManager->trigger('dispatch', Object(Zend\Mvc\MvcEvent), Object(Closure))
#13 /home/wh2/vendor/zendframework/zendframework/library/Zend/Mvc/DispatchListener.php(114): Zend\Mvc\Controller\AbstractController->dispatch(Object(Zend\Http\PhpEnvironment\Request), Object(Zend\Http\PhpEnvironment\Response))
#14 [internal function]: Zend\Mvc\DispatchListener->onDispatch(Object(Zend\Mvc\MvcEvent))
#15 /home/wh2/vendor/zendframework/zendframework/library/Zend/EventManager/EventManager.php(468): call_user_func(Array, Object(Zend\Mvc\MvcEvent))
#16 /home/wh2/vendor/zendframework/zendframework/library/Zend/EventManager/EventManager.php(207): Zend\EventManager\EventManager->triggerListeners('dispatch', Object(Zend\Mvc\MvcEvent), Object(Closure))
#17 /home/wh2/vendor/zendframework/zendframework/library/Zend/Mvc/Application.php(309): Zend\EventManager\EventManager->trigger('dispatch', Object(Zend\Mvc\MvcEvent), Object(Closure))
#18 /home/wh2/public/index.php(12): Zend\Mvc\Application->run()
#19 {main}
2013-08-27T15:29:01-04:00 INFO (6): new user created jimRsmiley
2013-08-27T15:29:01-04:00 ERR (3): ERROR ENCOUNTERED Exception:
1: Permission denied
Trace:
#0 /home/wh2/vendor/zendframework/zendframework/library/Zend/Mail/Protocol/Smtp.php(156): Zend\Mail\Protocol\AbstractProtocol->_connect('tcp://mail.what...')
#1 /home/wh2/vendor/zendframework/zendframework/library/Zend/Mail/Transport/Smtp.php(339): Zend\Mail\Protocol\Smtp->connect()
#2 /home/wh2/vendor/zendframework/zendframework/library/Zend/Mail/Transport/Smtp.php(325): Zend\Mail\Transport\Smtp->connect()
#3 /home/wh2/vendor/zendframework/zendframework/library/Zend/Mail/Transport/Smtp.php(336): Zend\Mail\Transport\Smtp->lazyLoadConnection()
#4 /home/wh2/vendor/zendframework/zendframework/library/Zend/Mail/Transport/Smtp.php(205): Zend\Mail\Transport\Smtp->connect()
#5 /home/wh2/module/Application/src/Application/Model/Email.php(36): Zend\Mail\Transport\Smtp->send(Object(Zend\Mail\Message))
#6 /home/wh2/module/Application/src/Application/MyLogger.php(22): Application\Model\Email->send('new user create...', '')
#7 /home/wh2/module/Application/src/Application/Controller/AuthController.php(81): Application\MyLogger->info('new user create...', '')
#8 /home/wh2/vendor/zendframework/zendframework/library/Zend/Mvc/Controller/AbstractActionController.php(83): Application\Controller\AuthController->loginAction()
#9 [internal function]: Zend\Mvc\Controller\AbstractActionController->onDispatch(Object(Zend\Mvc\MvcEvent))
#10 /home/wh2/vendor/zendframework/zendframework/library/Zend/EventManager/EventManager.php(468): call_user_func(Array, Object(Zend\Mvc\MvcEvent))
#11 /home/wh2/vendor/zendframework/zendframework/library/Zend/EventManager/EventManager.php(207): Zend\EventManager\EventManager->triggerListeners('dispatch', Object(Zend\Mvc\MvcEvent), Object(Closure))
#12 /home/wh2/vendor/zendframework/zendframework/library/Zend/Mvc/Controller/AbstractController.php(117): Zend\EventManager\EventManager->trigger('dispatch', Object(Zend\Mvc\MvcEvent), Object(Closure))
#13 /home/wh2/vendor/zendframework/zendframework/library/Zend/Mvc/DispatchListener.php(114): Zend\Mvc\Controller\AbstractController->dispatch(Object(Zend\Http\PhpEnvironment\Request), Object(Zend\Http\PhpEnvironment\Response))
#14 [internal function]: Zend\Mvc\DispatchListener->onDispatch(Object(Zend\Mvc\MvcEvent))
#15 /home/wh2/vendor/zendframework/zendframework/library/Zend/EventManager/EventManager.php(468): call_user_func(Array, Object(Zend\Mvc\MvcEvent))
#16 /home/wh2/vendor/zendframework/zendframework/library/Zend/EventManager/EventManager.php(207): Zend\EventManager\EventManager->triggerListeners('dispatch', Object(Zend\Mvc\MvcEvent), Object(Closure))
#17 /home/wh2/vendor/zendframework/zendframework/library/Zend/Mvc/Application.php(309): Zend\EventManager\EventManager->trigger('dispatch', Object(Zend\Mvc\MvcEvent), Object(Closure))
#18 /home/wh2/public/index.php(12): Zend\Mvc\Application->run()
#19 {main}
2013-08-27T15:30:56-04:00 INFO (6): jimRsmiley has logged in
2013-08-27T15:30:56-04:00 ERR (3): ERROR ENCOUNTERED Exception:
1: Permission denied
Trace:
#0 /home/wh2/vendor/zendframework/zendframework/library/Zend/Mail/Protocol/Smtp.php(156): Zend\Mail\Protocol\AbstractProtocol->_connect('tcp://mail.what...')
#1 /home/wh2/vendor/zendframework/zendframework/library/Zend/Mail/Transport/Smtp.php(339): Zend\Mail\Protocol\Smtp->connect()
#2 /home/wh2/vendor/zendframework/zendframework/library/Zend/Mail/Transport/Smtp.php(325): Zend\Mail\Transport\Smtp->connect()
#3 /home/wh2/vendor/zendframework/zendframework/library/Zend/Mail/Transport/Smtp.php(336): Zend\Mail\Transport\Smtp->lazyLoadConnection()
#4 /home/wh2/vendor/zendframework/zendframework/library/Zend/Mail/Transport/Smtp.php(205): Zend\Mail\Transport\Smtp->connect()
#5 /home/wh2/module/Application/src/Application/Model/Email.php(36): Zend\Mail\Transport\Smtp->send(Object(Zend\Mail\Message))
#6 /home/wh2/module/Application/src/Application/MyLogger.php(22): Application\Model\Email->send('jimRsmiley has ...', NULL)
#7 /home/wh2/module/Application/src/Application/Controller/AuthController.php(91): Application\MyLogger->info('jimRsmiley has ...')
#8 /home/wh2/vendor/zendframework/zendframework/library/Zend/Mvc/Controller/AbstractActionController.php(83): Application\Controller\AuthController->loginAction()
#9 [internal function]: Zend\Mvc\Controller\AbstractActionController->onDispatch(Object(Zend\Mvc\MvcEvent))
#10 /home/wh2/vendor/zendframework/zendframework/library/Zend/EventManager/EventManager.php(468): call_user_func(Array, Object(Zend\Mvc\MvcEvent))
#11 /home/wh2/vendor/zendframework/zendframework/library/Zend/EventManager/EventManager.php(207): Zend\EventManager\EventManager->triggerListeners('dispatch', Object(Zend\Mvc\MvcEvent), Object(Closure))
#12 /home/wh2/vendor/zendframework/zendframework/library/Zend/Mvc/Controller/AbstractController.php(117): Zend\EventManager\EventManager->trigger('dispatch', Object(Zend\Mvc\MvcEvent), Object(Closure))
#13 /home/wh2/vendor/zendframework/zendframework/library/Zend/Mvc/DispatchListener.php(114): Zend\Mvc\Controller\AbstractController->dispatch(Object(Zend\Http\PhpEnvironment\Request), Object(Zend\Http\PhpEnvironment\Response))
#14 [internal function]: Zend\Mvc\DispatchListener->onDispatch(Object(Zend\Mvc\MvcEvent))
#15 /home/wh2/vendor/zendframework/zendframework/library/Zend/EventManager/EventManager.php(468): call_user_func(Array, Object(Zend\Mvc\MvcEvent))
#16 /home/wh2/vendor/zendframework/zendframework/library/Zend/EventManager/EventManager.php(207): Zend\EventManager\EventManager->triggerListeners('dispatch', Object(Zend\Mvc\MvcEvent), Object(Closure))
#17 /home/wh2/vendor/zendframework/zendframework/library/Zend/Mvc/Application.php(309): Zend\EventManager\EventManager->trigger('dispatch', Object(Zend\Mvc\MvcEvent), Object(Closure))
#18 /home/wh2/public/index.php(12): Zend\Mvc\Application->run()
#19 {main}
2013-08-27T15:46:47-04:00 INFO (6): neighborhood has been added
2013-08-27T15:46:47-04:00 ERR (3): ERROR ENCOUNTERED Exception:
1: Permission denied
Trace:
#0 /home/wh2/vendor/zendframework/zendframework/library/Zend/Mail/Protocol/Smtp.php(156): Zend\Mail\Protocol\AbstractProtocol->_connect('tcp://mail.what...')
#1 /home/wh2/vendor/zendframework/zendframework/library/Zend/Mail/Transport/Smtp.php(339): Zend\Mail\Protocol\Smtp->connect()
#2 /home/wh2/vendor/zendframework/zendframework/library/Zend/Mail/Transport/Smtp.php(325): Zend\Mail\Transport\Smtp->connect()
#3 /home/wh2/vendor/zendframework/zendframework/library/Zend/Mail/Transport/Smtp.php(336): Zend\Mail\Transport\Smtp->lazyLoadConnection()
#4 /home/wh2/vendor/zendframework/zendframework/library/Zend/Mail/Transport/Smtp.php(205): Zend\Mail\Transport\Smtp->connect()
#5 /home/wh2/module/Application/src/Application/Model/Email.php(36): Zend\Mail\Transport\Smtp->send(Object(Zend\Mail\Message))
#6 /home/wh2/module/Application/src/Application/Controller/NeighborhoodPolygonController.php(165): Application\Model\Email->send('Frankford polyg...', 'A new neighborh...')
#7 /home/wh2/vendor/zendframework/zendframework/library/Zend/Mvc/Controller/AbstractActionController.php(83): Application\Controller\NeighborhoodPolygonController->addAction()
#8 [internal function]: Zend\Mvc\Controller\AbstractActionController->onDispatch(Object(Zend\Mvc\MvcEvent))
#9 /home/wh2/vendor/zendframework/zendframework/library/Zend/EventManager/EventManager.php(468): call_user_func(Array, Object(Zend\Mvc\MvcEvent))
#10 /home/wh2/vendor/zendframework/zendframework/library/Zend/EventManager/EventManager.php(207): Zend\EventManager\EventManager->triggerListeners('dispatch', Object(Zend\Mvc\MvcEvent), Object(Closure))
#11 /home/wh2/vendor/zendframework/zendframework/library/Zend/Mvc/Controller/AbstractController.php(117): Zend\EventManager\EventManager->trigger('dispatch', Object(Zend\Mvc\MvcEvent), Object(Closure))
#12 /home/wh2/vendor/zendframework/zendframework/library/Zend/Mvc/DispatchListener.php(114): Zend\Mvc\Controller\AbstractController->dispatch(Object(Zend\Http\PhpEnvironment\Request), Object(Zend\Http\PhpEnvironment\Response))
#13 [internal function]: Zend\Mvc\DispatchListener->onDispatch(Object(Zend\Mvc\MvcEvent))
#14 /home/wh2/vendor/zendframework/zendframework/library/Zend/EventManager/EventManager.php(468): call_user_func(Array, Object(Zend\Mvc\MvcEvent))
#15 /home/wh2/vendor/zendframework/zendframework/library/Zend/EventManager/EventManager.php(207): Zend\EventManager\EventManager->triggerListeners('dispatch', Object(Zend\Mvc\MvcEvent), Object(Closure))
#16 /home/wh2/vendor/zendframework/zendframework/library/Zend/Mvc/Application.php(309): Zend\EventManager\EventManager->trigger('dispatch', Object(Zend\Mvc\MvcEvent), Object(Closure))
#17 /home/wh2/public/index.php(12): Zend\Mvc\Application->run()
#18 {main}
2013-08-27T15:49:53-04:00 INFO (6): address requested 5th+and+market
2013-08-27T15:49:53-04:00 ERR (3): ERROR ENCOUNTERED Exception:
1: Permission denied
Trace:
#0 /home/wh2/vendor/zendframework/zendframework/library/Zend/Mail/Protocol/Smtp.php(156): Zend\Mail\Protocol\AbstractProtocol->_connect('tcp://mail.what...')
#1 /home/wh2/vendor/zendframework/zendframework/library/Zend/Mail/Transport/Smtp.php(339): Zend\Mail\Protocol\Smtp->connect()
#2 /home/wh2/vendor/zendframework/zendframework/library/Zend/Mail/Transport/Smtp.php(325): Zend\Mail\Transport\Smtp->connect()
#3 /home/wh2/vendor/zendframework/zendframework/library/Zend/Mail/Transport/Smtp.php(336): Zend\Mail\Transport\Smtp->lazyLoadConnection()
#4 /home/wh2/vendor/zendframework/zendframework/library/Zend/Mail/Transport/Smtp.php(205): Zend\Mail\Transport\Smtp->connect()
#5 /home/wh2/module/Application/src/Application/Model/Email.php(36): Zend\Mail\Transport\Smtp->send(Object(Zend\Mail\Message))
#6 /home/wh2/module/Application/src/Application/MyLogger.php(22): Application\Model\Email->send('address request...', '5th+and+market')
#7 /home/wh2/module/Application/src/Application/Controller/WhathoodController.php(66): Application\MyLogger->info('address request...', '5th+and+market')
#8 /home/wh2/vendor/zendframework/zendframework/library/Zend/Mvc/Controller/AbstractActionController.php(83): Application\Controller\WhathoodController->byAddressAction()
#9 [internal function]: Zend\Mvc\Controller\AbstractActionController->onDispatch(Object(Zend\Mvc\MvcEvent))
#10 /home/wh2/vendor/zendframework/zendframework/library/Zend/EventManager/EventManager.php(468): call_user_func(Array, Object(Zend\Mvc\MvcEvent))
#11 /home/wh2/vendor/zendframework/zendframework/library/Zend/EventManager/EventManager.php(207): Zend\EventManager\EventManager->triggerListeners('dispatch', Object(Zend\Mvc\MvcEvent), Object(Closure))
#12 /home/wh2/vendor/zendframework/zendframework/library/Zend/Mvc/Controller/AbstractController.php(117): Zend\EventManager\EventManager->trigger('dispatch', Object(Zend\Mvc\MvcEvent), Object(Closure))
#13 /home/wh2/vendor/zendframework/zendframework/library/Zend/Mvc/DispatchListener.php(114): Zend\Mvc\Controller\AbstractController->dispatch(Object(Zend\Http\PhpEnvironment\Request), Object(Zend\Http\PhpEnvironment\Response))
#14 [internal function]: Zend\Mvc\DispatchListener->onDispatch(Object(Zend\Mvc\MvcEvent))
#15 /home/wh2/vendor/zendframework/zendframework/library/Zend/EventManager/EventManager.php(468): call_user_func(Array, Object(Zend\Mvc\MvcEvent))
#16 /home/wh2/vendor/zendframework/zendframework/library/Zend/EventManager/EventManager.php(207): Zend\EventManager\EventManager->triggerListeners('dispatch', Object(Zend\Mvc\MvcEvent), Object(Closure))
#17 /home/wh2/vendor/zendframework/zendframework/library/Zend/Mvc/Application.php(309): Zend\EventManager\EventManager->trigger('dispatch', Object(Zend\Mvc\MvcEvent), Object(Closure))
#18 /home/wh2/public/index.php(12): Zend\Mvc\Application->run()
#19 {main}
2013-08-27T15:50:14-04:00 ERR (3): ERROR ENCOUNTERED Exception:
1: address may not be null
Trace:
#0 /home/wh2/vendor/zendframework/zendframework/library/Zend/Mvc/Controller/AbstractActionController.php(83): Application\Controller\WhathoodController->byAddressAction()
#1 [internal function]: Zend\Mvc\Controller\AbstractActionController->onDispatch(Object(Zend\Mvc\MvcEvent))
#2 /home/wh2/vendor/zendframework/zendframework/library/Zend/EventManager/EventManager.php(468): call_user_func(Array, Object(Zend\Mvc\MvcEvent))
#3 /home/wh2/vendor/zendframework/zendframework/library/Zend/EventManager/EventManager.php(207): Zend\EventManager\EventManager->triggerListeners('dispatch', Object(Zend\Mvc\MvcEvent), Object(Closure))
#4 /home/wh2/vendor/zendframework/zendframework/library/Zend/Mvc/Controller/AbstractController.php(117): Zend\EventManager\EventManager->trigger('dispatch', Object(Zend\Mvc\MvcEvent), Object(Closure))
#5 /home/wh2/vendor/zendframework/zendframework/library/Zend/Mvc/DispatchListener.php(114): Zend\Mvc\Controller\AbstractController->dispatch(Object(Zend\Http\PhpEnvironment\Request), Object(Zend\Http\PhpEnvironment\Response))
#6 [internal function]: Zend\Mvc\DispatchListener->onDispatch(Object(Zend\Mvc\MvcEvent))
#7 /home/wh2/vendor/zendframework/zendframework/library/Zend/EventManager/EventManager.php(468): call_user_func(Array, Object(Zend\Mvc\MvcEvent))
#8 /home/wh2/vendor/zendframework/zendframework/library/Zend/EventManager/EventManager.php(207): Zend\EventManager\EventManager->triggerListeners('dispatch', Object(Zend\Mvc\MvcEvent), Object(Closure))
#9 /home/wh2/vendor/zendframework/zendframework/library/Zend/Mvc/Application.php(309): Zend\EventManager\EventManager->trigger('dispatch', Object(Zend\Mvc\MvcEvent), Object(Closure))
#10 /home/wh2/public/index.php(12): Zend\Mvc\Application->run()
#11 {main}
2013-08-27T15:52:11-04:00 INFO (6): address requested 5th+and+market
2013-08-27T15:52:11-04:00 ERR (3): ERROR ENCOUNTERED Exception:
1: Permission denied
Trace:
#0 /home/wh2/vendor/zendframework/zendframework/library/Zend/Mail/Protocol/Smtp.php(156): Zend\Mail\Protocol\AbstractProtocol->_connect('tcp://mail.what...')
#1 /home/wh2/vendor/zendframework/zendframework/library/Zend/Mail/Transport/Smtp.php(339): Zend\Mail\Protocol\Smtp->connect()
#2 /home/wh2/vendor/zendframework/zendframework/library/Zend/Mail/Transport/Smtp.php(325): Zend\Mail\Transport\Smtp->connect()
#3 /home/wh2/vendor/zendframework/zendframework/library/Zend/Mail/Transport/Smtp.php(336): Zend\Mail\Transport\Smtp->lazyLoadConnection()
#4 /home/wh2/vendor/zendframework/zendframework/library/Zend/Mail/Transport/Smtp.php(205): Zend\Mail\Transport\Smtp->connect()
#5 /home/wh2/module/Application/src/Application/Model/Email.php(36): Zend\Mail\Transport\Smtp->send(Object(Zend\Mail\Message))
#6 /home/wh2/module/Application/src/Application/MyLogger.php(22): Application\Model\Email->send('address request...', '5th+and+market')
#7 /home/wh2/module/Application/src/Application/Controller/WhathoodController.php(66): Application\MyLogger->info('address request...', '5th+and+market')
#8 /home/wh2/vendor/zendframework/zendframework/library/Zend/Mvc/Controller/AbstractActionController.php(83): Application\Controller\WhathoodController->byAddressAction()
#9 [internal function]: Zend\Mvc\Controller\AbstractActionController->onDispatch(Object(Zend\Mvc\MvcEvent))
#10 /home/wh2/vendor/zendframework/zendframework/library/Zend/EventManager/EventManager.php(468): call_user_func(Array, Object(Zend\Mvc\MvcEvent))
#11 /home/wh2/vendor/zendframework/zendframework/library/Zend/EventManager/EventManager.php(207): Zend\EventManager\EventManager->triggerListeners('dispatch', Object(Zend\Mvc\MvcEvent), Object(Closure))
#12 /home/wh2/vendor/zendframework/zendframework/library/Zend/Mvc/Controller/AbstractController.php(117): Zend\EventManager\EventManager->trigger('dispatch', Object(Zend\Mvc\MvcEvent), Object(Closure))
#13 /home/wh2/vendor/zendframework/zendframework/library/Zend/Mvc/DispatchListener.php(114): Zend\Mvc\Controller\AbstractController->dispatch(Object(Zend\Http\PhpEnvironment\Request), Object(Zend\Http\PhpEnvironment\Response))
#14 [internal function]: Zend\Mvc\DispatchListener->onDispatch(Object(Zend\Mvc\MvcEvent))
#15 /home/wh2/vendor/zendframework/zendframework/library/Zend/EventManager/EventManager.php(468): call_user_func(Array, Object(Zend\Mvc\MvcEvent))
#16 /home/wh2/vendor/zendframework/zendframework/library/Zend/EventManager/EventManager.php(207): Zend\EventManager\EventManager->triggerListeners('dispatch', Object(Zend\Mvc\MvcEvent), Object(Closure))
#17 /home/wh2/vendor/zendframework/zendframework/library/Zend/Mvc/Application.php(309): Zend\EventManager\EventManager->trigger('dispatch', Object(Zend\Mvc\MvcEvent), Object(Closure))
#18 /home/wh2/public/index.php(12): Zend\Mvc\Application->run()
#19 {main}
2013-08-27T15:53:00-04:00 INFO (6): address requested 5th+and+market
2013-08-27T15:53:00-04:00 ERR (3): ERROR ENCOUNTERED Exception:
1: Permission denied
Trace:
#0 /home/wh2/vendor/zendframework/zendframework/library/Zend/Mail/Protocol/Smtp.php(156): Zend\Mail\Protocol\AbstractProtocol->_connect('tcp://mail.what...')
#1 /home/wh2/vendor/zendframework/zendframework/library/Zend/Mail/Transport/Smtp.php(339): Zend\Mail\Protocol\Smtp->connect()
#2 /home/wh2/vendor/zendframework/zendframework/library/Zend/Mail/Transport/Smtp.php(325): Zend\Mail\Transport\Smtp->connect()
#3 /home/wh2/vendor/zendframework/zendframework/library/Zend/Mail/Transport/Smtp.php(336): Zend\Mail\Transport\Smtp->lazyLoadConnection()
#4 /home/wh2/vendor/zendframework/zendframework/library/Zend/Mail/Transport/Smtp.php(205): Zend\Mail\Transport\Smtp->connect()
#5 /home/wh2/module/Application/src/Application/Model/Email.php(36): Zend\Mail\Transport\Smtp->send(Object(Zend\Mail\Message))
#6 /home/wh2/module/Application/src/Application/MyLogger.php(22): Application\Model\Email->send('address request...', '5th+and+market')
#7 /home/wh2/module/Application/src/Application/Controller/WhathoodController.php(66): Application\MyLogger->info('address request...', '5th+and+market')
#8 /home/wh2/vendor/zendframework/zendframework/library/Zend/Mvc/Controller/AbstractActionController.php(83): Application\Controller\WhathoodController->byAddressAction()
#9 [internal function]: Zend\Mvc\Controller\AbstractActionController->onDispatch(Object(Zend\Mvc\MvcEvent))
#10 /home/wh2/vendor/zendframework/zendframework/library/Zend/EventManager/EventManager.php(468): call_user_func(Array, Object(Zend\Mvc\MvcEvent))
#11 /home/wh2/vendor/zendframework/zendframework/library/Zend/EventManager/EventManager.php(207): Zend\EventManager\EventManager->triggerListeners('dispatch', Object(Zend\Mvc\MvcEvent), Object(Closure))
#12 /home/wh2/vendor/zendframework/zendframework/library/Zend/Mvc/Controller/AbstractController.php(117): Zend\EventManager\EventManager->trigger('dispatch', Object(Zend\Mvc\MvcEvent), Object(Closure))
#13 /home/wh2/vendor/zendframework/zendframework/library/Zend/Mvc/DispatchListener.php(114): Zend\Mvc\Controller\AbstractController->dispatch(Object(Zend\Http\PhpEnvironment\Request), Object(Zend\Http\PhpEnvironment\Response))
#14 [internal function]: Zend\Mvc\DispatchListener->onDispatch(Object(Zend\Mvc\MvcEvent))
#15 /home/wh2/vendor/zendframework/zendframework/library/Zend/EventManager/EventManager.php(468): call_user_func(Array, Object(Zend\Mvc\MvcEvent))
#16 /home/wh2/vendor/zendframework/zendframework/library/Zend/EventManager/EventManager.php(207): Zend\EventManager\EventManager->triggerListeners('dispatch', Object(Zend\Mvc\MvcEvent), Object(Closure))
#17 /home/wh2/vendor/zendframework/zendframework/library/Zend/Mvc/Application.php(309): Zend\EventManager\EventManager->trigger('dispatch', Object(Zend\Mvc\MvcEvent), Object(Closure))
#18 /home/wh2/public/index.php(12): Zend\Mvc\Application->run()
#19 {main}
2013-08-27T15:54:24-04:00 INFO (6): address requested 5th+and+market
2013-08-27T15:54:24-04:00 ERR (3): ERROR ENCOUNTERED Exception:
1: Permission denied
Trace:
#0 /home/wh2/vendor/zendframework/zendframework/library/Zend/Mail/Protocol/Smtp.php(156): Zend\Mail\Protocol\AbstractProtocol->_connect('tcp://mail.what...')
#1 /home/wh2/vendor/zendframework/zendframework/library/Zend/Mail/Transport/Smtp.php(339): Zend\Mail\Protocol\Smtp->connect()
#2 /home/wh2/vendor/zendframework/zendframework/library/Zend/Mail/Transport/Smtp.php(325): Zend\Mail\Transport\Smtp->connect()
#3 /home/wh2/vendor/zendframework/zendframework/library/Zend/Mail/Transport/Smtp.php(336): Zend\Mail\Transport\Smtp->lazyLoadConnection()
#4 /home/wh2/vendor/zendframework/zendframework/library/Zend/Mail/Transport/Smtp.php(205): Zend\Mail\Transport\Smtp->connect()
#5 /home/wh2/module/Application/src/Application/Model/Email.php(36): Zend\Mail\Transport\Smtp->send(Object(Zend\Mail\Message))
#6 /home/wh2/module/Application/src/Application/MyLogger.php(22): Application\Model\Email->send('address request...', '5th+and+market')
#7 /home/wh2/module/Application/src/Application/Controller/WhathoodController.php(66): Application\MyLogger->info('address request...', '5th+and+market')
#8 /home/wh2/vendor/zendframework/zendframework/library/Zend/Mvc/Controller/AbstractActionController.php(83): Application\Controller\WhathoodController->byAddressAction()
#9 [internal function]: Zend\Mvc\Controller\AbstractActionController->onDispatch(Object(Zend\Mvc\MvcEvent))
#10 /home/wh2/vendor/zendframework/zendframework/library/Zend/EventManager/EventManager.php(468): call_user_func(Array, Object(Zend\Mvc\MvcEvent))
#11 /home/wh2/vendor/zendframework/zendframework/library/Zend/EventManager/EventManager.php(207): Zend\EventManager\EventManager->triggerListeners('dispatch', Object(Zend\Mvc\MvcEvent), Object(Closure))
#12 /home/wh2/vendor/zendframework/zendframework/library/Zend/Mvc/Controller/AbstractController.php(117): Zend\EventManager\EventManager->trigger('dispatch', Object(Zend\Mvc\MvcEvent), Object(Closure))
#13 /home/wh2/vendor/zendframework/zendframework/library/Zend/Mvc/DispatchListener.php(114): Zend\Mvc\Controller\AbstractController->dispatch(Object(Zend\Http\PhpEnvironment\Request), Object(Zend\Http\PhpEnvironment\Response))
#14 [internal function]: Zend\Mvc\DispatchListener->onDispatch(Object(Zend\Mvc\MvcEvent))
#15 /home/wh2/vendor/zendframework/zendframework/library/Zend/EventManager/EventManager.php(468): call_user_func(Array, Object(Zend\Mvc\MvcEvent))
#16 /home/wh2/vendor/zendframework/zendframework/library/Zend/EventManager/EventManager.php(207): Zend\EventManager\EventManager->triggerListeners('dispatch', Object(Zend\Mvc\MvcEvent), Object(Closure))
#17 /home/wh2/vendor/zendframework/zendframework/library/Zend/Mvc/Application.php(309): Zend\EventManager\EventManager->trigger('dispatch', Object(Zend\Mvc\MvcEvent), Object(Closure))
#18 /home/wh2/public/index.php(12): Zend\Mvc\Application->run()
#19 {main}
2013-08-27T15:55:56-04:00 INFO (6): address requested 5th+and+market
2013-08-27T15:58:41-04:00 INFO (6): address requested 5th+and+market
2013-08-27T16:06:24-04:00 INFO (6): address requested 5th+and+market
2013-08-27T16:11:01-04:00 INFO (6): address requested 5th+and+market
2013-08-27T16:13:13-04:00 INFO (6): address requested 5th+and+market
2013-08-27T16:16:50-04:00 INFO (6): address requested 5th+and+market
2013-08-27T16:17:52-04:00 INFO (6): address requested 5th+and+market
2013-08-27T16:18:45-04:00 INFO (6): address requested 5th+and+market
2013-08-27T16:19:09-04:00 INFO (6): address requested 5th+and+market
2013-08-27T16:19:43-04:00 INFO (6): address requested 5th+and+market
2013-08-27T16:31:20-04:00 INFO (6): address requested 5th+and+market
2013-08-27T16:45:38-04:00 INFO (6): address requested 5th+and+market
2013-08-27T16:53:55-04:00 ERR (3): ERROR ENCOUNTERED Exception:
1: SQLSTATE[28000] [1045] Access denied for user 'whathood_prod'@'localhost' (using password: YES)
Trace:
#0 /home/wh2/vendor/doctrine/dbal/lib/Doctrine/DBAL/Driver/PDOConnection.php(36): PDO->__construct('mysql:host=loca...', 'whathood_prod', 'YnmrGefe9qVJu6j...', Array)
#1 /home/wh2/vendor/doctrine/dbal/lib/Doctrine/DBAL/Driver/PDOMySql/Driver.php(47): Doctrine\DBAL\Driver\PDOConnection->__construct('mysql:host=loca...', 'whathood_prod', 'YnmrGefe9qVJu6j...', Array)
#2 /home/wh2/vendor/doctrine/dbal/lib/Doctrine/DBAL/Connection.php(350): Doctrine\DBAL\Driver\PDOMySql\Driver->connect(Array, 'whathood_prod', 'YnmrGefe9qVJu6j...', Array)
#3 /home/wh2/vendor/doctrine/dbal/lib/Doctrine/DBAL/Connection.php(627): Doctrine\DBAL\Connection->connect()
#4 /home/wh2/vendor/doctrine/orm/lib/Doctrine/ORM/Query/Exec/SingleSelectExecutor.php(46): Doctrine\DBAL\Connection->executeQuery('SELECT r0_.name...', Array, Array, NULL)
#5 /home/wh2/vendor/doctrine/orm/lib/Doctrine/ORM/Query.php(264): Doctrine\ORM\Query\Exec\SingleSelectExecutor->execute(Object(Doctrine\DBAL\Connection), Array, Array)
#6 /home/wh2/vendor/doctrine/orm/lib/Doctrine/ORM/AbstractQuery.php(737): Doctrine\ORM\Query->_doExecute()
#7 /home/wh2/vendor/doctrine/orm/lib/Doctrine/ORM/AbstractQuery.php(538): Doctrine\ORM\AbstractQuery->execute(NULL, 1)
#8 /home/wh2/module/Application/src/Application/Mapper/RegionMapper.php(49): Doctrine\ORM\AbstractQuery->getResult()
#9 /home/wh2/module/Application/src/Application/Controller/IndexController.php(13): Application\Mapper\RegionMapper->fetchDistinctRegionNames()
#10 /home/wh2/vendor/zendframework/zendframework/library/Zend/Mvc/Controller/AbstractActionController.php(83): Application\Controller\IndexController->indexAction()
#11 [internal function]: Zend\Mvc\Controller\AbstractActionController->onDispatch(Object(Zend\Mvc\MvcEvent))
#12 /home/wh2/vendor/zendframework/zendframework/library/Zend/EventManager/EventManager.php(468): call_user_func(Array, Object(Zend\Mvc\MvcEvent))
#13 /home/wh2/vendor/zendframework/zendframework/library/Zend/EventManager/EventManager.php(207): Zend\EventManager\EventManager->triggerListeners('dispatch', Object(Zend\Mvc\MvcEvent), Object(Closure))
#14 /home/wh2/vendor/zendframework/zendframework/library/Zend/Mvc/Controller/AbstractController.php(117): Zend\EventManager\EventManager->trigger('dispatch', Object(Zend\Mvc\MvcEvent), Object(Closure))
#15 /home/wh2/vendor/zendframework/zendframework/library/Zend/Mvc/DispatchListener.php(114): Zend\Mvc\Controller\AbstractController->dispatch(Object(Zend\Http\PhpEnvironment\Request), Object(Zend\Http\PhpEnvironment\Response))
#16 [internal function]: Zend\Mvc\DispatchListener->onDispatch(Object(Zend\Mvc\MvcEvent))
#17 /home/wh2/vendor/zendframework/zendframework/library/Zend/EventManager/EventManager.php(468): call_user_func(Array, Object(Zend\Mvc\MvcEvent))
#18 /home/wh2/vendor/zendframework/zendframework/library/Zend/EventManager/EventManager.php(207): Zend\EventManager\EventManager->triggerListeners('dispatch', Object(Zend\Mvc\MvcEvent), Object(Closure))
#19 /home/wh2/vendor/zendframework/zendframework/library/Zend/Mvc/Application.php(309): Zend\EventManager\EventManager->trigger('dispatch', Object(Zend\Mvc\MvcEvent), Object(Closure))
#20 /home/wh2/public/index.php(12): Zend\Mvc\Application->run()
#21 {main}
2013-08-27T16:55:39-04:00 ERR (3): ERROR ENCOUNTERED Exception:
1: An exception occurred while executing 'SELECT r0_.name AS name0 FROM region r0_ GROUP BY r0_.name':

SQLSTATE[42S02]: Base table or view not found: 1146 Table 'whathood_prod.region' doesn't exist
2: SQLSTATE[42S02]: Base table or view not found: 1146 Table 'whathood_prod.region' doesn't exist
Trace:
#0 /home/wh2/vendor/doctrine/dbal/lib/Doctrine/DBAL/Connection.php(649): Doctrine\DBAL\DBALException::driverExceptionDuringQuery(Object(PDOException), 'SELECT r0_.name...', Array)
#1 /home/wh2/vendor/doctrine/orm/lib/Doctrine/ORM/Query/Exec/SingleSelectExecutor.php(46): Doctrine\DBAL\Connection->executeQuery('SELECT r0_.name...', Array, Array, NULL)
#2 /home/wh2/vendor/doctrine/orm/lib/Doctrine/ORM/Query.php(264): Doctrine\ORM\Query\Exec\SingleSelectExecutor->execute(Object(Doctrine\DBAL\Connection), Array, Array)
#3 /home/wh2/vendor/doctrine/orm/lib/Doctrine/ORM/AbstractQuery.php(737): Doctrine\ORM\Query->_doExecute()
#4 /home/wh2/vendor/doctrine/orm/lib/Doctrine/ORM/AbstractQuery.php(538): Doctrine\ORM\AbstractQuery->execute(NULL, 1)
#5 /home/wh2/module/Application/src/Application/Mapper/RegionMapper.php(49): Doctrine\ORM\AbstractQuery->getResult()
#6 /home/wh2/module/Application/src/Application/Controller/IndexController.php(13): Application\Mapper\RegionMapper->fetchDistinctRegionNames()
#7 /home/wh2/vendor/zendframework/zendframework/library/Zend/Mvc/Controller/AbstractActionController.php(83): Application\Controller\IndexController->indexAction()
#8 [internal function]: Zend\Mvc\Controller\AbstractActionController->onDispatch(Object(Zend\Mvc\MvcEvent))
#9 /home/wh2/vendor/zendframework/zendframework/library/Zend/EventManager/EventManager.php(468): call_user_func(Array, Object(Zend\Mvc\MvcEvent))
#10 /home/wh2/vendor/zendframework/zendframework/library/Zend/EventManager/EventManager.php(207): Zend\EventManager\EventManager->triggerListeners('dispatch', Object(Zend\Mvc\MvcEvent), Object(Closure))
#11 /home/wh2/vendor/zendframework/zendframework/library/Zend/Mvc/Controller/AbstractController.php(117): Zend\EventManager\EventManager->trigger('dispatch', Object(Zend\Mvc\MvcEvent), Object(Closure))
#12 /home/wh2/vendor/zendframework/zendframework/library/Zend/Mvc/DispatchListener.php(114): Zend\Mvc\Controller\AbstractController->dispatch(Object(Zend\Http\PhpEnvironment\Request), Object(Zend\Http\PhpEnvironment\Response))
#13 [internal function]: Zend\Mvc\DispatchListener->onDispatch(Object(Zend\Mvc\MvcEvent))
#14 /home/wh2/vendor/zendframework/zendframework/library/Zend/EventManager/EventManager.php(468): call_user_func(Array, Object(Zend\Mvc\MvcEvent))
#15 /home/wh2/vendor/zendframework/zendframework/library/Zend/EventManager/EventManager.php(207): Zend\EventManager\EventManager->triggerListeners('dispatch', Object(Zend\Mvc\MvcEvent), Object(Closure))
#16 /home/wh2/vendor/zendframework/zendframework/library/Zend/Mvc/Application.php(309): Zend\EventManager\EventManager->trigger('dispatch', Object(Zend\Mvc\MvcEvent), Object(Closure))
#17 /home/wh2/public/index.php(12): Zend\Mvc\Application->run()
#18 {main}
2013-08-27T16:57:52-04:00 ERR (3): ERROR ENCOUNTERED Exception:
1: An exception occurred while executing 'SELECT h0_.id AS id0, h0_.heat_map_js_data AS heat_map_js_data1, h0_.date_time_added AS date_time_added2, r1_.id AS id3, r1_.name AS name4, AsBinary(r1_.center_point) AS center_point5, n2_.id AS id6, n2_.name AS name7, n2_.date_time_added AS date_time_added8, h0_.neighborhood_id AS neighborhood_id9, h0_.region_id AS region_id10, n2_.region_id AS region_id11 FROM heat_map h0_ INNER JOIN region r1_ ON h0_.region_id = r1_.id INNER JOIN neighborhood n2_ ON h0_.neighborhood_id = n2_.id WHERE n2_.name = ? AND r1_.name = ? ORDER BY h0_.id DESC LIMIT 1' with params {"1":"East Falls","2":"Philadelphia"}:

SQLSTATE[42S02]: Base table or view not found: 1146 Table 'whathood_prod.heat_map' doesn't exist
2: SQLSTATE[42S02]: Base table or view not found: 1146 Table 'whathood_prod.heat_map' doesn't exist
Trace:
#0 /home/wh2/vendor/doctrine/dbal/lib/Doctrine/DBAL/Connection.php(649): Doctrine\DBAL\DBALException::driverExceptionDuringQuery(Object(PDOException), 'SELECT h0_.id A...', Array)
#1 /home/wh2/vendor/doctrine/orm/lib/Doctrine/ORM/Query/Exec/SingleSelectExecutor.php(46): Doctrine\DBAL\Connection->executeQuery('SELECT h0_.id A...', Array, Array, NULL)
#2 /home/wh2/vendor/doctrine/orm/lib/Doctrine/ORM/Query.php(264): Doctrine\ORM\Query\Exec\SingleSelectExecutor->execute(Object(Doctrine\DBAL\Connection), Array, Array)
#3 /home/wh2/vendor/doctrine/orm/lib/Doctrine/ORM/AbstractQuery.php(737): Doctrine\ORM\Query->_doExecute()
#4 /home/wh2/vendor/doctrine/orm/lib/Doctrine/ORM/AbstractQuery.php(606): Doctrine\ORM\AbstractQuery->execute(NULL, NULL)
#5 /home/wh2/module/Application/src/Application/Mapper/HeatMapMapper.php(17): Doctrine\ORM\AbstractQuery->getSingleResult()
#6 /home/wh2/module/Application/src/Application/Controller/HeatMapController.php(86): Application\Mapper\HeatMapMapper->getLatestHeatMap(Object(Application\Entity\Neighborhood))
#7 /home/wh2/vendor/zendframework/zendframework/library/Zend/Mvc/Controller/AbstractActionController.php(83): Application\Controller\HeatMapController->showAction()
#8 [internal function]: Zend\Mvc\Controller\AbstractActionController->onDispatch(Object(Zend\Mvc\MvcEvent))
#9 /home/wh2/vendor/zendframework/zendframework/library/Zend/EventManager/EventManager.php(468): call_user_func(Array, Object(Zend\Mvc\MvcEvent))
#10 /home/wh2/vendor/zendframework/zendframework/library/Zend/EventManager/EventManager.php(207): Zend\EventManager\EventManager->triggerListeners('dispatch', Object(Zend\Mvc\MvcEvent), Object(Closure))
#11 /home/wh2/vendor/zendframework/zendframework/library/Zend/Mvc/Controller/AbstractController.php(117): Zend\EventManager\EventManager->trigger('dispatch', Object(Zend\Mvc\MvcEvent), Object(Closure))
#12 /home/wh2/vendor/zendframework/zendframework/library/Zend/Mvc/DispatchListener.php(114): Zend\Mvc\Controller\AbstractController->dispatch(Object(Zend\Http\PhpEnvironment\Request), Object(Zend\Http\PhpEnvironment\Response))
#13 [internal function]: Zend\Mvc\DispatchListener->onDispatch(Object(Zend\Mvc\MvcEvent))
#14 /home/wh2/vendor/zendframework/zendframework/library/Zend/EventManager/EventManager.php(468): call_user_func(Array, Object(Zend\Mvc\MvcEvent))
#15 /home/wh2/vendor/zendframework/zendframework/library/Zend/EventManager/EventManager.php(207): Zend\EventManager\EventManager->triggerListeners('dispatch', Object(Zend\Mvc\MvcEvent), Object(Closure))
#16 /home/wh2/vendor/zendframework/zendframework/library/Zend/Mvc/Application.php(309): Zend\EventManager\EventManager->trigger('dispatch', Object(Zend\Mvc\MvcEvent), Object(Closure))
#17 /home/wh2/public/index.php(12): Zend\Mvc\Application->run()
#18 {main}
2013-08-27T18:39:06-04:00 INFO (6): address requested 5th+and+market
2013-08-27T18:39:49-04:00 INFO (6): address requested 5th+and+vine
2013-08-27T19:35:14-04:00 INFO (6): address requested 5th+and+market
2013-08-27T21:56:04-04:00 INFO (6): new user created jimRsmiley
2013-08-27T21:56:05-04:00 INFO (6): jimRsmiley has logged in
2013-08-27T21:56:14-04:00 INFO (6): address requested 5th+and+market
2013-08-28T07:02:53-04:00 INFO (6): address requested 4th+and+vine
2013-08-28T10:02:03-04:00 INFO (6): address requested 5th+and+vine
2013-08-28T10:03:27-04:00 INFO (6): address requested cottman+and+frankford
2013-08-28T10:43:14-04:00 INFO (6): jimRsmiley has logged in
2013-08-28T13:29:37-04:00 INFO (6): address requested 1128+foulkrod+st
2013-08-28T13:38:20-04:00 INFO (6): neighborhood has been added
2013-08-28T13:57:19-04:00 INFO (6): address requested 1128+foulkrod
2013-08-28T14:13:35-04:00 INFO (6): neighborhood has been added
2013-08-28T14:27:51-04:00 INFO (6): address requested 4th+and+vine
2013-08-28T14:29:41-04:00 INFO (6): neighborhood has been added
2013-08-29T16:14:00-04:00 INFO (6): address requested 4th+and+vine
2013-08-29T16:18:21-04:00 INFO (6): address requested 4th+and+vine
2013-08-29T16:21:02-04:00 INFO (6): address requested 4th+and+race
2013-08-29T16:22:08-04:00 INFO (6): address requested 4th+and+vine
2013-08-29T16:24:13-04:00 INFO (6): address requested 4th+and+vine
2013-08-29T16:24:13-04:00 INFO (6): address requested 4th+and+vine
2013-08-29T16:24:13-04:00 INFO (6): address requested 4th+and+vine
2013-08-29T16:24:14-04:00 INFO (6): address requested 4th+and+vine
2013-08-29T16:24:14-04:00 INFO (6): address requested 4th+and+vine
2013-08-29T16:24:15-04:00 INFO (6): address requested 4th+and+vine
2013-08-29T16:24:15-04:00 INFO (6): address requested 4th+and+vine
2013-08-29T16:24:15-04:00 INFO (6): address requested 4th+and+vine
2013-08-29T16:24:16-04:00 INFO (6): address requested 4th+and+vine
2013-08-29T16:24:22-04:00 INFO (6): address requested 4th+and+vine
2013-08-29T16:24:23-04:00 INFO (6): address requested 4th+and+vine
2013-08-29T16:24:26-04:00 INFO (6): address requested 4th+and+vine
2013-08-29T16:24:33-04:00 INFO (6): address requested 4th+and+vine
2013-08-29T16:24:34-04:00 INFO (6): address requested 4th+and+vine
2013-08-29T16:24:44-04:00 ERR (3): ERROR ENCOUNTERED Exception:
1: Connection timed out
Trace:
#0 /home/wh2/vendor/zendframework/zendframework/library/Zend/Mail/Protocol/Smtp.php(156): Zend\Mail\Protocol\AbstractProtocol->_connect('tcp://mail.what...')
#1 /home/wh2/vendor/zendframework/zendframework/library/Zend/Mail/Transport/Smtp.php(339): Zend\Mail\Protocol\Smtp->connect()
#2 /home/wh2/vendor/zendframework/zendframework/library/Zend/Mail/Transport/Smtp.php(325): Zend\Mail\Transport\Smtp->connect()
#3 /home/wh2/vendor/zendframework/zendframework/library/Zend/Mail/Transport/Smtp.php(336): Zend\Mail\Transport\Smtp->lazyLoadConnection()
#4 /home/wh2/vendor/zendframework/zendframework/library/Zend/Mail/Transport/Smtp.php(205): Zend\Mail\Transport\Smtp->connect()
#5 /home/wh2/module/Application/src/Application/Model/Email.php(36): Zend\Mail\Transport\Smtp->send(Object(Zend\Mail\Message))
#6 /home/wh2/module/Application/src/Application/MyLogger.php(22): Application\Model\Email->send('address request...', '4th+and+vine')
#7 /home/wh2/module/Application/src/Application/Controller/WhathoodController.php(66): Application\MyLogger->info('address request...', '4th+and+vine')
#8 /home/wh2/vendor/zendframework/zendframework/library/Zend/Mvc/Controller/AbstractActionController.php(83): Application\Controller\WhathoodController->byAddressAction()
#9 [internal function]: Zend\Mvc\Controller\AbstractActionController->onDispatch(Object(Zend\Mvc\MvcEvent))
#10 /home/wh2/vendor/zendframework/zendframework/library/Zend/EventManager/EventManager.php(468): call_user_func(Array, Object(Zend\Mvc\MvcEvent))
#11 /home/wh2/vendor/zendframework/zendframework/library/Zend/EventManager/EventManager.php(207): Zend\EventManager\EventManager->triggerListeners('dispatch', Object(Zend\Mvc\MvcEvent), Object(Closure))
#12 /home/wh2/vendor/zendframework/zendframework/library/Zend/Mvc/Controller/AbstractController.php(117): Zend\EventManager\EventManager->trigger('dispatch', Object(Zend\Mvc\MvcEvent), Object(Closure))
#13 /home/wh2/vendor/zendframework/zendframework/library/Zend/Mvc/DispatchListener.php(114): Zend\Mvc\Controller\AbstractController->dispatch(Object(Zend\Http\PhpEnvironment\Request), Object(Zend\Http\PhpEnvironment\Response))
#14 [internal function]: Zend\Mvc\DispatchListener->onDispatch(Object(Zend\Mvc\MvcEvent))
#15 /home/wh2/vendor/zendframework/zendframework/library/Zend/EventManager/EventManager.php(468): call_user_func(Array, Object(Zend\Mvc\MvcEvent))
#16 /home/wh2/vendor/zendframework/zendframework/library/Zend/EventManager/EventManager.php(207): Zend\EventManager\EventManager->triggerListeners('dispatch', Object(Zend\Mvc\MvcEvent), Object(Closure))
#17 /home/wh2/vendor/zendframework/zendframework/library/Zend/Mvc/Application.php(309): Zend\EventManager\EventManager->trigger('dispatch', Object(Zend\Mvc\MvcEvent), Object(Closure))
#18 /home/wh2/public/index.php(12): Zend\Mvc\Application->run()
#19 {main}
2013-08-29T16:24:44-04:00 ERR (3): ERROR ENCOUNTERED Exception:
1: Connection timed out
Trace:
#0 /home/wh2/vendor/zendframework/zendframework/library/Zend/Mail/Protocol/Smtp.php(156): Zend\Mail\Protocol\AbstractProtocol->_connect('tcp://mail.what...')
#1 /home/wh2/vendor/zendframework/zendframework/library/Zend/Mail/Transport/Smtp.php(339): Zend\Mail\Protocol\Smtp->connect()
#2 /home/wh2/vendor/zendframework/zendframework/library/Zend/Mail/Transport/Smtp.php(325): Zend\Mail\Transport\Smtp->connect()
#3 /home/wh2/vendor/zendframework/zendframework/library/Zend/Mail/Transport/Smtp.php(336): Zend\Mail\Transport\Smtp->lazyLoadConnection()
#4 /home/wh2/vendor/zendframework/zendframework/library/Zend/Mail/Transport/Smtp.php(205): Zend\Mail\Transport\Smtp->connect()
#5 /home/wh2/module/Application/src/Application/Model/Email.php(36): Zend\Mail\Transport\Smtp->send(Object(Zend\Mail\Message))
#6 /home/wh2/module/Application/src/Application/MyLogger.php(22): Application\Model\Email->send('address request...', '4th+and+vine')
#7 /home/wh2/module/Application/src/Application/Controller/WhathoodController.php(66): Application\MyLogger->info('address request...', '4th+and+vine')
#8 /home/wh2/vendor/zendframework/zendframework/library/Zend/Mvc/Controller/AbstractActionController.php(83): Application\Controller\WhathoodController->byAddressAction()
#9 [internal function]: Zend\Mvc\Controller\AbstractActionController->onDispatch(Object(Zend\Mvc\MvcEvent))
#10 /home/wh2/vendor/zendframework/zendframework/library/Zend/EventManager/EventManager.php(468): call_user_func(Array, Object(Zend\Mvc\MvcEvent))
#11 /home/wh2/vendor/zendframework/zendframework/library/Zend/EventManager/EventManager.php(207): Zend\EventManager\EventManager->triggerListeners('dispatch', Object(Zend\Mvc\MvcEvent), Object(Closure))
#12 /home/wh2/vendor/zendframework/zendframework/library/Zend/Mvc/Controller/AbstractController.php(117): Zend\EventManager\EventManager->trigger('dispatch', Object(Zend\Mvc\MvcEvent), Object(Closure))
#13 /home/wh2/vendor/zendframework/zendframework/library/Zend/Mvc/DispatchListener.php(114): Zend\Mvc\Controller\AbstractController->dispatch(Object(Zend\Http\PhpEnvironment\Request), Object(Zend\Http\PhpEnvironment\Response))
#14 [internal function]: Zend\Mvc\DispatchListener->onDispatch(Object(Zend\Mvc\MvcEvent))
#15 /home/wh2/vendor/zendframework/zendframework/library/Zend/EventManager/EventManager.php(468): call_user_func(Array, Object(Zend\Mvc\MvcEvent))
#16 /home/wh2/vendor/zendframework/zendframework/library/Zend/EventManager/EventManager.php(207): Zend\EventManager\EventManager->triggerListeners('dispatch', Object(Zend\Mvc\MvcEvent), Object(Closure))
#17 /home/wh2/vendor/zendframework/zendframework/library/Zend/Mvc/Application.php(309): Zend\EventManager\EventManager->trigger('dispatch', Object(Zend\Mvc\MvcEvent), Object(Closure))
#18 /home/wh2/public/index.php(12): Zend\Mvc\Application->run()
#19 {main}
2013-08-29T16:24:45-04:00 ERR (3): ERROR ENCOUNTERED Exception:
1: Connection timed out
Trace:
#0 /home/wh2/vendor/zendframework/zendframework/library/Zend/Mail/Protocol/Smtp.php(156): Zend\Mail\Protocol\AbstractProtocol->_connect('tcp://mail.what...')
#1 /home/wh2/vendor/zendframework/zendframework/library/Zend/Mail/Transport/Smtp.php(339): Zend\Mail\Protocol\Smtp->connect()
#2 /home/wh2/vendor/zendframework/zendframework/library/Zend/Mail/Transport/Smtp.php(325): Zend\Mail\Transport\Smtp->connect()
#3 /home/wh2/vendor/zendframework/zendframework/library/Zend/Mail/Transport/Smtp.php(336): Zend\Mail\Transport\Smtp->lazyLoadConnection()
#4 /home/wh2/vendor/zendframework/zendframework/library/Zend/Mail/Transport/Smtp.php(205): Zend\Mail\Transport\Smtp->connect()
#5 /home/wh2/module/Application/src/Application/Model/Email.php(36): Zend\Mail\Transport\Smtp->send(Object(Zend\Mail\Message))
#6 /home/wh2/module/Application/src/Application/MyLogger.php(22): Application\Model\Email->send('address request...', '4th+and+vine')
#7 /home/wh2/module/Application/src/Application/Controller/WhathoodController.php(66): Application\MyLogger->info('address request...', '4th+and+vine')
#8 /home/wh2/vendor/zendframework/zendframework/library/Zend/Mvc/Controller/AbstractActionController.php(83): Application\Controller\WhathoodController->byAddressAction()
#9 [internal function]: Zend\Mvc\Controller\AbstractActionController->onDispatch(Object(Zend\Mvc\MvcEvent))
#10 /home/wh2/vendor/zendframework/zendframework/library/Zend/EventManager/EventManager.php(468): call_user_func(Array, Object(Zend\Mvc\MvcEvent))
#11 /home/wh2/vendor/zendframework/zendframework/library/Zend/EventManager/EventManager.php(207): Zend\EventManager\EventManager->triggerListeners('dispatch', Object(Zend\Mvc\MvcEvent), Object(Closure))
#12 /home/wh2/vendor/zendframework/zendframework/library/Zend/Mvc/Controller/AbstractController.php(117): Zend\EventManager\EventManager->trigger('dispatch', Object(Zend\Mvc\MvcEvent), Object(Closure))
#13 /home/wh2/vendor/zendframework/zendframework/library/Zend/Mvc/DispatchListener.php(114): Zend\Mvc\Controller\AbstractController->dispatch(Object(Zend\Http\PhpEnvironment\Request), Object(Zend\Http\PhpEnvironment\Response))
#14 [internal function]: Zend\Mvc\DispatchListener->onDispatch(Object(Zend\Mvc\MvcEvent))
#15 /home/wh2/vendor/zendframework/zendframework/library/Zend/EventManager/EventManager.php(468): call_user_func(Array, Object(Zend\Mvc\MvcEvent))
#16 /home/wh2/vendor/zendframework/zendframework/library/Zend/EventManager/EventManager.php(207): Zend\EventManager\EventManager->triggerListeners('dispatch', Object(Zend\Mvc\MvcEvent), Object(Closure))
#17 /home/wh2/vendor/zendframework/zendframework/library/Zend/Mvc/Application.php(309): Zend\EventManager\EventManager->trigger('dispatch', Object(Zend\Mvc\MvcEvent), Object(Closure))
#18 /home/wh2/public/index.php(12): Zend\Mvc\Application->run()
#19 {main}
2013-08-29T16:24:45-04:00 ERR (3): ERROR ENCOUNTERED Exception:
1: Connection timed out
Trace:
#0 /home/wh2/vendor/zendframework/zendframework/library/Zend/Mail/Protocol/Smtp.php(156): Zend\Mail\Protocol\AbstractProtocol->_connect('tcp://mail.what...')
#1 /home/wh2/vendor/zendframework/zendframework/library/Zend/Mail/Transport/Smtp.php(339): Zend\Mail\Protocol\Smtp->connect()
#2 /home/wh2/vendor/zendframework/zendframework/library/Zend/Mail/Transport/Smtp.php(325): Zend\Mail\Transport\Smtp->connect()
#3 /home/wh2/vendor/zendframework/zendframework/library/Zend/Mail/Transport/Smtp.php(336): Zend\Mail\Transport\Smtp->lazyLoadConnection()
#4 /home/wh2/vendor/zendframework/zendframework/library/Zend/Mail/Transport/Smtp.php(205): Zend\Mail\Transport\Smtp->connect()
#5 /home/wh2/module/Application/src/Application/Model/Email.php(36): Zend\Mail\Transport\Smtp->send(Object(Zend\Mail\Message))
#6 /home/wh2/module/Application/src/Application/MyLogger.php(22): Application\Model\Email->send('address request...', '4th+and+vine')
#7 /home/wh2/module/Application/src/Application/Controller/WhathoodController.php(66): Application\MyLogger->info('address request...', '4th+and+vine')
#8 /home/wh2/vendor/zendframework/zendframework/library/Zend/Mvc/Controller/AbstractActionController.php(83): Application\Controller\WhathoodController->byAddressAction()
#9 [internal function]: Zend\Mvc\Controller\AbstractActionController->onDispatch(Object(Zend\Mvc\MvcEvent))
#10 /home/wh2/vendor/zendframework/zendframework/library/Zend/EventManager/EventManager.php(468): call_user_func(Array, Object(Zend\Mvc\MvcEvent))
#11 /home/wh2/vendor/zendframework/zendframework/library/Zend/EventManager/EventManager.php(207): Zend\EventManager\EventManager->triggerListeners('dispatch', Object(Zend\Mvc\MvcEvent), Object(Closure))
#12 /home/wh2/vendor/zendframework/zendframework/library/Zend/Mvc/Controller/AbstractController.php(117): Zend\EventManager\EventManager->trigger('dispatch', Object(Zend\Mvc\MvcEvent), Object(Closure))
#13 /home/wh2/vendor/zendframework/zendframework/library/Zend/Mvc/DispatchListener.php(114): Zend\Mvc\Controller\AbstractController->dispatch(Object(Zend\Http\PhpEnvironment\Request), Object(Zend\Http\PhpEnvironment\Response))
#14 [internal function]: Zend\Mvc\DispatchListener->onDispatch(Object(Zend\Mvc\MvcEvent))
#15 /home/wh2/vendor/zendframework/zendframework/library/Zend/EventManager/EventManager.php(468): call_user_func(Array, Object(Zend\Mvc\MvcEvent))
#16 /home/wh2/vendor/zendframework/zendframework/library/Zend/EventManager/EventManager.php(207): Zend\EventManager\EventManager->triggerListeners('dispatch', Object(Zend\Mvc\MvcEvent), Object(Closure))
#17 /home/wh2/vendor/zendframework/zendframework/library/Zend/Mvc/Application.php(309): Zend\EventManager\EventManager->trigger('dispatch', Object(Zend\Mvc\MvcEvent), Object(Closure))
#18 /home/wh2/public/index.php(12): Zend\Mvc\Application->run()
#19 {main}
2013-08-29T16:24:45-04:00 ERR (3): ERROR ENCOUNTERED Exception:
1: Connection timed out
Trace:
#0 /home/wh2/vendor/zendframework/zendframework/library/Zend/Mail/Protocol/Smtp.php(156): Zend\Mail\Protocol\AbstractProtocol->_connect('tcp://mail.what...')
#1 /home/wh2/vendor/zendframework/zendframework/library/Zend/Mail/Transport/Smtp.php(339): Zend\Mail\Protocol\Smtp->connect()
#2 /home/wh2/vendor/zendframework/zendframework/library/Zend/Mail/Transport/Smtp.php(325): Zend\Mail\Transport\Smtp->connect()
#3 /home/wh2/vendor/zendframework/zendframework/library/Zend/Mail/Transport/Smtp.php(336): Zend\Mail\Transport\Smtp->lazyLoadConnection()
#4 /home/wh2/vendor/zendframework/zendframework/library/Zend/Mail/Transport/Smtp.php(205): Zend\Mail\Transport\Smtp->connect()
#5 /home/wh2/module/Application/src/Application/Model/Email.php(36): Zend\Mail\Transport\Smtp->send(Object(Zend\Mail\Message))
#6 /home/wh2/module/Application/src/Application/MyLogger.php(22): Application\Model\Email->send('address request...', '4th+and+vine')
#7 /home/wh2/module/Application/src/Application/Controller/WhathoodController.php(66): Application\MyLogger->info('address request...', '4th+and+vine')
#8 /home/wh2/vendor/zendframework/zendframework/library/Zend/Mvc/Controller/AbstractActionController.php(83): Application\Controller\WhathoodController->byAddressAction()
#9 [internal function]: Zend\Mvc\Controller\AbstractActionController->onDispatch(Object(Zend\Mvc\MvcEvent))
#10 /home/wh2/vendor/zendframework/zendframework/library/Zend/EventManager/EventManager.php(468): call_user_func(Array, Object(Zend\Mvc\MvcEvent))
#11 /home/wh2/vendor/zendframework/zendframework/library/Zend/EventManager/EventManager.php(207): Zend\EventManager\EventManager->triggerListeners('dispatch', Object(Zend\Mvc\MvcEvent), Object(Closure))
#12 /home/wh2/vendor/zendframework/zendframework/library/Zend/Mvc/Controller/AbstractController.php(117): Zend\EventManager\EventManager->trigger('dispatch', Object(Zend\Mvc\MvcEvent), Object(Closure))
#13 /home/wh2/vendor/zendframework/zendframework/library/Zend/Mvc/DispatchListener.php(114): Zend\Mvc\Controller\AbstractController->dispatch(Object(Zend\Http\PhpEnvironment\Request), Object(Zend\Http\PhpEnvironment\Response))
#14 [internal function]: Zend\Mvc\DispatchListener->onDispatch(Object(Zend\Mvc\MvcEvent))
#15 /home/wh2/vendor/zendframework/zendframework/library/Zend/EventManager/EventManager.php(468): call_user_func(Array, Object(Zend\Mvc\MvcEvent))
#16 /home/wh2/vendor/zendframework/zendframework/library/Zend/EventManager/EventManager.php(207): Zend\EventManager\EventManager->triggerListeners('dispatch', Object(Zend\Mvc\MvcEvent), Object(Closure))
#17 /home/wh2/vendor/zendframework/zendframework/library/Zend/Mvc/Application.php(309): Zend\EventManager\EventManager->trigger('dispatch', Object(Zend\Mvc\MvcEvent), Object(Closure))
#18 /home/wh2/public/index.php(12): Zend\Mvc\Application->run()
#19 {main}
2013-08-29T16:24:47-04:00 ERR (3): ERROR ENCOUNTERED Exception:
1: Connection timed out
Trace:
#0 /home/wh2/vendor/zendframework/zendframework/library/Zend/Mail/Protocol/Smtp.php(156): Zend\Mail\Protocol\AbstractProtocol->_connect('tcp://mail.what...')
#1 /home/wh2/vendor/zendframework/zendframework/library/Zend/Mail/Transport/Smtp.php(339): Zend\Mail\Protocol\Smtp->connect()
#2 /home/wh2/vendor/zendframework/zendframework/library/Zend/Mail/Transport/Smtp.php(325): Zend\Mail\Transport\Smtp->connect()
#3 /home/wh2/vendor/zendframework/zendframework/library/Zend/Mail/Transport/Smtp.php(336): Zend\Mail\Transport\Smtp->lazyLoadConnection()
#4 /home/wh2/vendor/zendframework/zendframework/library/Zend/Mail/Transport/Smtp.php(205): Zend\Mail\Transport\Smtp->connect()
#5 /home/wh2/module/Application/src/Application/Model/Email.php(36): Zend\Mail\Transport\Smtp->send(Object(Zend\Mail\Message))
#6 /home/wh2/module/Application/src/Application/MyLogger.php(22): Application\Model\Email->send('address request...', '4th+and+vine')
#7 /home/wh2/module/Application/src/Application/Controller/WhathoodController.php(66): Application\MyLogger->info('address request...', '4th+and+vine')
#8 /home/wh2/vendor/zendframework/zendframework/library/Zend/Mvc/Controller/AbstractActionController.php(83): Application\Controller\WhathoodController->byAddressAction()
#9 [internal function]: Zend\Mvc\Controller\AbstractActionController->onDispatch(Object(Zend\Mvc\MvcEvent))
#10 /home/wh2/vendor/zendframework/zendframework/library/Zend/EventManager/EventManager.php(468): call_user_func(Array, Object(Zend\Mvc\MvcEvent))
#11 /home/wh2/vendor/zendframework/zendframework/library/Zend/EventManager/EventManager.php(207): Zend\EventManager\EventManager->triggerListeners('dispatch', Object(Zend\Mvc\MvcEvent), Object(Closure))
#12 /home/wh2/vendor/zendframework/zendframework/library/Zend/Mvc/Controller/AbstractController.php(117): Zend\EventManager\EventManager->trigger('dispatch', Object(Zend\Mvc\MvcEvent), Object(Closure))
#13 /home/wh2/vendor/zendframework/zendframework/library/Zend/Mvc/DispatchListener.php(114): Zend\Mvc\Controller\AbstractController->dispatch(Object(Zend\Http\PhpEnvironment\Request), Object(Zend\Http\PhpEnvironment\Response))
#14 [internal function]: Zend\Mvc\DispatchListener->onDispatch(Object(Zend\Mvc\MvcEvent))
#15 /home/wh2/vendor/zendframework/zendframework/library/Zend/EventManager/EventManager.php(468): call_user_func(Array, Object(Zend\Mvc\MvcEvent))
#16 /home/wh2/vendor/zendframework/zendframework/library/Zend/EventManager/EventManager.php(207): Zend\EventManager\EventManager->triggerListeners('dispatch', Object(Zend\Mvc\MvcEvent), Object(Closure))
#17 /home/wh2/vendor/zendframework/zendframework/library/Zend/Mvc/Application.php(309): Zend\EventManager\EventManager->trigger('dispatch', Object(Zend\Mvc\MvcEvent), Object(Closure))
#18 /home/wh2/public/index.php(12): Zend\Mvc\Application->run()
#19 {main}
2013-08-29T16:24:53-04:00 ERR (3): ERROR ENCOUNTERED Exception:
1: Connection timed out
Trace:
#0 /home/wh2/vendor/zendframework/zendframework/library/Zend/Mail/Protocol/Smtp.php(156): Zend\Mail\Protocol\AbstractProtocol->_connect('tcp://mail.what...')
#1 /home/wh2/vendor/zendframework/zendframework/library/Zend/Mail/Transport/Smtp.php(339): Zend\Mail\Protocol\Smtp->connect()
#2 /home/wh2/vendor/zendframework/zendframework/library/Zend/Mail/Transport/Smtp.php(325): Zend\Mail\Transport\Smtp->connect()
#3 /home/wh2/vendor/zendframework/zendframework/library/Zend/Mail/Transport/Smtp.php(336): Zend\Mail\Transport\Smtp->lazyLoadConnection()
#4 /home/wh2/vendor/zendframework/zendframework/library/Zend/Mail/Transport/Smtp.php(205): Zend\Mail\Transport\Smtp->connect()
#5 /home/wh2/module/Application/src/Application/Model/Email.php(36): Zend\Mail\Transport\Smtp->send(Object(Zend\Mail\Message))
#6 /home/wh2/module/Application/src/Application/MyLogger.php(22): Application\Model\Email->send('address request...', '4th+and+vine')
#7 /home/wh2/module/Application/src/Application/Controller/WhathoodController.php(66): Application\MyLogger->info('address request...', '4th+and+vine')
#8 /home/wh2/vendor/zendframework/zendframework/library/Zend/Mvc/Controller/AbstractActionController.php(83): Application\Controller\WhathoodController->byAddressAction()
#9 [internal function]: Zend\Mvc\Controller\AbstractActionController->onDispatch(Object(Zend\Mvc\MvcEvent))
#10 /home/wh2/vendor/zendframework/zendframework/library/Zend/EventManager/EventManager.php(468): call_user_func(Array, Object(Zend\Mvc\MvcEvent))
#11 /home/wh2/vendor/zendframework/zendframework/library/Zend/EventManager/EventManager.php(207): Zend\EventManager\EventManager->triggerListeners('dispatch', Object(Zend\Mvc\MvcEvent), Object(Closure))
#12 /home/wh2/vendor/zendframework/zendframework/library/Zend/Mvc/Controller/AbstractController.php(117): Zend\EventManager\EventManager->trigger('dispatch', Object(Zend\Mvc\MvcEvent), Object(Closure))
#13 /home/wh2/vendor/zendframework/zendframework/library/Zend/Mvc/DispatchListener.php(114): Zend\Mvc\Controller\AbstractController->dispatch(Object(Zend\Http\PhpEnvironment\Request), Object(Zend\Http\PhpEnvironment\Response))
#14 [internal function]: Zend\Mvc\DispatchListener->onDispatch(Object(Zend\Mvc\MvcEvent))
#15 /home/wh2/vendor/zendframework/zendframework/library/Zend/EventManager/EventManager.php(468): call_user_func(Array, Object(Zend\Mvc\MvcEvent))
#16 /home/wh2/vendor/zendframework/zendframework/library/Zend/EventManager/EventManager.php(207): Zend\EventManager\EventManager->triggerListeners('dispatch', Object(Zend\Mvc\MvcEvent), Object(Closure))
#17 /home/wh2/vendor/zendframework/zendframework/library/Zend/Mvc/Application.php(309): Zend\EventManager\EventManager->trigger('dispatch', Object(Zend\Mvc\MvcEvent), Object(Closure))
#18 /home/wh2/public/index.php(12): Zend\Mvc\Application->run()
#19 {main}
2013-08-29T16:24:57-04:00 ERR (3): ERROR ENCOUNTERED Exception:
1: Connection timed out
Trace:
#0 /home/wh2/vendor/zendframework/zendframework/library/Zend/Mail/Protocol/Smtp.php(156): Zend\Mail\Protocol\AbstractProtocol->_connect('tcp://mail.what...')
#1 /home/wh2/vendor/zendframework/zendframework/library/Zend/Mail/Transport/Smtp.php(339): Zend\Mail\Protocol\Smtp->connect()
#2 /home/wh2/vendor/zendframework/zendframework/library/Zend/Mail/Transport/Smtp.php(325): Zend\Mail\Transport\Smtp->connect()
#3 /home/wh2/vendor/zendframework/zendframework/library/Zend/Mail/Transport/Smtp.php(336): Zend\Mail\Transport\Smtp->lazyLoadConnection()
#4 /home/wh2/vendor/zendframework/zendframework/library/Zend/Mail/Transport/Smtp.php(205): Zend\Mail\Transport\Smtp->connect()
#5 /home/wh2/module/Application/src/Application/Model/Email.php(36): Zend\Mail\Transport\Smtp->send(Object(Zend\Mail\Message))
#6 /home/wh2/module/Application/src/Application/MyLogger.php(22): Application\Model\Email->send('address request...', '4th+and+vine')
#7 /home/wh2/module/Application/src/Application/Controller/WhathoodController.php(66): Application\MyLogger->info('address request...', '4th+and+vine')
#8 /home/wh2/vendor/zendframework/zendframework/library/Zend/Mvc/Controller/AbstractActionController.php(83): Application\Controller\WhathoodController->byAddressAction()
#9 [internal function]: Zend\Mvc\Controller\AbstractActionController->onDispatch(Object(Zend\Mvc\MvcEvent))
#10 /home/wh2/vendor/zendframework/zendframework/library/Zend/EventManager/EventManager.php(468): call_user_func(Array, Object(Zend\Mvc\MvcEvent))
#11 /home/wh2/vendor/zendframework/zendframework/library/Zend/EventManager/EventManager.php(207): Zend\EventManager\EventManager->triggerListeners('dispatch', Object(Zend\Mvc\MvcEvent), Object(Closure))
#12 /home/wh2/vendor/zendframework/zendframework/library/Zend/Mvc/Controller/AbstractController.php(117): Zend\EventManager\EventManager->trigger('dispatch', Object(Zend\Mvc\MvcEvent), Object(Closure))
#13 /home/wh2/vendor/zendframework/zendframework/library/Zend/Mvc/DispatchListener.php(114): Zend\Mvc\Controller\AbstractController->dispatch(Object(Zend\Http\PhpEnvironment\Request), Object(Zend\Http\PhpEnvironment\Response))
#14 [internal function]: Zend\Mvc\DispatchListener->onDispatch(Object(Zend\Mvc\MvcEvent))
#15 /home/wh2/vendor/zendframework/zendframework/library/Zend/EventManager/EventManager.php(468): call_user_func(Array, Object(Zend\Mvc\MvcEvent))
#16 /home/wh2/vendor/zendframework/zendframework/library/Zend/EventManager/EventManager.php(207): Zend\EventManager\EventManager->triggerListeners('dispatch', Object(Zend\Mvc\MvcEvent), Object(Closure))
#17 /home/wh2/vendor/zendframework/zendframework/library/Zend/Mvc/Application.php(309): Zend\EventManager\EventManager->trigger('dispatch', Object(Zend\Mvc\MvcEvent), Object(Closure))
#18 /home/wh2/public/index.php(12): Zend\Mvc\Application->run()
#19 {main}
2013-08-29T16:25:09-04:00 INFO (6): address requested 4th+and+vine
2013-08-29T16:25:27-04:00 INFO (6): address requested 4th+and+vine
2013-08-29T16:27:26-04:00 INFO (6): address requested 4th+and+vine
2013-08-29T16:27:34-04:00 INFO (6): address requested 4th+and+vine
2013-08-29T19:11:37-04:00 INFO (6): address requested Crease+st
2013-08-29T19:59:23-04:00 INFO (6): address requested 4829+penn+st.
2013-08-29T20:01:00-04:00 INFO (6): address requested 4829+penn+st.
2013-08-29T20:02:22-04:00 INFO (6): new user created smile138
2013-08-29T20:02:24-04:00 INFO (6): smile138 has logged in
2013-08-29T20:03:03-04:00 INFO (6): address requested 2636+pratt+st.
2013-08-29T20:04:33-04:00 INFO (6): address requested 2026+plum+st.
2013-08-29T20:17:45-04:00 INFO (6): address requested 5th+and+market
2013-08-29T20:17:56-04:00 INFO (6): address requested 5th+and+market
2013-08-29T20:18:04-04:00 INFO (6): address requested 5th+and+market
2013-08-29T20:18:12-04:00 INFO (6): address requested 5th+and+market
2013-08-29T20:18:20-04:00 INFO (6): address requested 5th+and+market
2013-08-29T21:49:31-04:00 INFO (6): address requested Rising+sun+ave+and+north+9th+street
2013-08-30T11:13:37-04:00 INFO (6): address requested 6644+castor+ave
